<?xml version="1.0" encoding="UTF-8"?>
<!-- Generated by org.testng.reporters.JUnitReportReporter -->
<testsuite skipped="0" hostname="Anastasiyas-MacBook-Pro.local" name="scripts.TechGlobalAlertsTest" tests="3" failures="0" timestamp="2023-01-30T14:34:06 CST" time="33.687" errors="0">
  <testcase name="warningAlerts" time="12.446" classname="scripts.TechGlobalAlertsTest"/>
  <system-out/>
  <testcase name="conformationAlert" time="10.557" classname="scripts.TechGlobalAlertsTest"/>
  <system-out/>
  <testcase name="validatePromptAlert" time="10.684" classname="scripts.TechGlobalAlertsTest"/>
  <system-out/>
</testsuite> <!-- scripts.TechGlobalAlertsTest -->
