<?xml version="1.0" encoding="UTF-8"?>
<!-- Generated by org.testng.reporters.JUnitReportReporter -->
<testsuite skipped="0" hostname="Anastasiyas-MacBook-Pro.local" name="scripts.TechGlobalIFramesTest" tests="2" failures="0" timestamp="2023-01-30T14:34:06 CST" time="21.636" errors="0">
  <testcase name="validateInputText" time="9.896" classname="scripts.TechGlobalIFramesTest"/>
  <system-out/>
  <testcase name="validateInputs" time="11.740" classname="scripts.TechGlobalIFramesTest"/>
  <system-out/>
</testsuite> <!-- scripts.TechGlobalIFramesTest -->
