<?xml version="1.0" encoding="UTF-8"?>
<!-- Generated by org.testng.reporters.JUnitReportReporter -->
<testsuite skipped="0" hostname="Anastasiyas-MacBook-Pro.local" name="scripts.TechGlobalDynamicTablesTest" tests="2" failures="0" timestamp="2023-01-30T14:34:06 CST" time="27.319" errors="0">
  <testcase name="popupValidation" time="14.067" classname="scripts.TechGlobalDynamicTablesTest"/>
  <system-out/>
  <testcase name="validateDynamicTable" time="13.252" classname="scripts.TechGlobalDynamicTablesTest"/>
  <system-out/>
</testsuite> <!-- scripts.TechGlobalDynamicTablesTest -->
