<?xml version="1.0" encoding="UTF-8"?>
<!-- Generated by org.testng.reporters.JUnitReportReporter -->
<testsuite skipped="0" hostname="Anastasiyas-MBP.local.tld" name="scripts.TechGlobalFrontendTestingHomeTest" tests="1" failures="0" timestamp="2023-01-22T15:53:49 CST" time="8.983" errors="0">
  <testcase name="validateFrontendTestingURL" time="8.983" classname="scripts.TechGlobalFrontendTestingHomeTest"/>
  <system-out/>
</testsuite> <!-- scripts.TechGlobalFrontendTestingHomeTest -->
