<?xml version="1.0" encoding="UTF-8"?>
<!-- Generated by org.testng.reporters.JUnitReportReporter -->
<testsuite skipped="0" hostname="Anastasiyas-MBP.local.tld" name="scripts.TechGlobalWaitsPageTest" tests="1" failures="0" timestamp="2023-01-22T15:53:49 CST" time="47.898" errors="0">
  <testcase name="validateRedBox" time="47.898" classname="scripts.TechGlobalWaitsPageTest"/>
  <system-out/>
</testsuite> <!-- scripts.TechGlobalWaitsPageTest -->
