<?xml version="1.0" encoding="UTF-8"?>
<!-- Generated by org.testng.reporters.JUnitReportReporter -->
<testsuite skipped="0" hostname="Anastasiyas-MacBook-Pro.local" name="scripts.TechGlobalSortableTablesTest" tests="1" failures="0" timestamp="2023-01-30T14:34:06 CST" time="11.462" errors="0">
  <testcase name="validateSortAscByQuantity" time="11.462" classname="scripts.TechGlobalSortableTablesTest"/>
  <system-out/>
</testsuite> <!-- scripts.TechGlobalSortableTablesTest -->
