<?xml version="1.0" encoding="UTF-8"?>
<!-- Generated by org.testng.reporters.JUnitReportReporter -->
<testsuite skipped="0" hostname="Anastasiyas-MacBook-Pro.local" name="scripts.TechGlobalDynamicElementsTest" tests="1" failures="0" timestamp="2023-01-30T14:34:06 CST" time="9.841" errors="0">
  <testcase name="dynamicElementsTest" time="9.841" classname="scripts.TechGlobalDynamicElementsTest"/>
  <system-out/>
</testsuite> <!-- scripts.TechGlobalDynamicElementsTest -->
