<?xml version="1.0" encoding="UTF-8"?>
<!-- Generated by org.testng.reporters.JUnitReportReporter -->
<testsuite skipped="0" hostname="Anastasiyas-MacBook-Pro.local" name="scripts.TechGlobalFileUploadTest" tests="1" failures="0" timestamp="2023-01-30T14:34:06 CST" time="10.811" errors="0">
  <testcase name="validateFileUpload" time="10.811" classname="scripts.TechGlobalFileUploadTest"/>
  <system-out/>
</testsuite> <!-- scripts.TechGlobalFileUploadTest -->
