<?xml version="1.0" encoding="UTF-8"?>
<!-- Generated by org.testng.reporters.JUnitReportReporter -->
<testsuite skipped="0" hostname="Anastasiyas-MBP.local.tld" name="scripts.TechGlobalRadioButtonTest" tests="3" failures="0" timestamp="2023-01-22T15:53:49 CST" time="33.053" errors="0">
  <testcase name="languageRadioButtons" time="11.071" classname="scripts.TechGlobalRadioButtonTest"/>
  <system-out/>
  <testcase name="javaButtonIsSelected" time="11.332" classname="scripts.TechGlobalRadioButtonTest"/>
  <system-out/>
  <testcase name="practiceMoreButtons" time="10.650" classname="scripts.TechGlobalRadioButtonTest"/>
  <system-out/>
</testsuite> <!-- scripts.TechGlobalRadioButtonTest -->
