<?xml version="1.0" encoding="UTF-8"?>
<!-- Generated by org.testng.reporters.JUnitReportReporter -->
<testsuite skipped="0" hostname="Anastasiyas-MBP.local.tld" name="scripts.TechGlobalRadioButtonTest" tests="3" failures="0" timestamp="2023-01-22T11:19:41 CST" time="34.606" errors="0">
  <testcase name="languageRadioButtons" time="12.108" classname="scripts.TechGlobalRadioButtonTest"/>
  <system-out/>
  <testcase name="javaButtonIsSelected" time="11.181" classname="scripts.TechGlobalRadioButtonTest"/>
  <system-out/>
  <testcase name="practiceMoreButtons" time="11.317" classname="scripts.TechGlobalRadioButtonTest"/>
  <system-out/>
</testsuite> <!-- scripts.TechGlobalRadioButtonTest -->
