<?xml version="1.0" encoding="UTF-8"?>
<!-- Generated by org.testng.reporters.JUnitReportReporter -->
<testsuite skipped="0" hostname="Anastasiyas-MacBook-Pro.local" name="scripts.TechGlobalHeaderTest" tests="1" failures="0" timestamp="2023-01-30T14:34:06 CST" time="8.428" errors="0">
  <testcase name="validateTechGlobalHeaderDropdownOptions" time="8.428" classname="scripts.TechGlobalHeaderTest"/>
  <system-out/>
</testsuite> <!-- scripts.TechGlobalHeaderTest -->
