<?xml version="1.0" encoding="UTF-8"?>
<!-- Generated by org.testng.reporters.JUnitReportReporter -->
<testsuite skipped="0" hostname="Anastasiyas-MacBook-Pro.local" name="scripts.TechGlobalRadioButtonTest" tests="3" failures="0" timestamp="2023-01-30T14:34:06 CST" time="33.263" errors="0">
  <testcase name="languageRadioButtons" time="10.688" classname="scripts.TechGlobalRadioButtonTest"/>
  <system-out/>
  <testcase name="javaButtonIsSelected" time="10.556" classname="scripts.TechGlobalRadioButtonTest"/>
  <system-out/>
  <testcase name="practiceMoreButtons" time="12.019" classname="scripts.TechGlobalRadioButtonTest"/>
  <system-out/>
</testsuite> <!-- scripts.TechGlobalRadioButtonTest -->
