<?xml version="1.0" encoding="UTF-8"?>
<!-- Generated by org.testng.reporters.JUnitReportReporter -->
<testsuite skipped="0" hostname="Anastasiyas-MacBook-Pro.local" name="scripts.TechGlobalDropdownsTest" tests="4" failures="0" timestamp="2023-01-30T14:34:06 CST" time="44.594" errors="0">
  <testcase name="SelectDeliveryOption" time="11.920" classname="scripts.TechGlobalDropdownsTest"/>
  <system-out/>
  <testcase name="selectColorOption" time="10.930" classname="scripts.TechGlobalDropdownsTest"/>
  <system-out/>
  <testcase name="selectProductOption" time="9.952" classname="scripts.TechGlobalDropdownsTest"/>
  <system-out/>
  <testcase name="validateTheItemSelected" time="11.792" classname="scripts.TechGlobalDropdownsTest"/>
  <system-out/>
</testsuite> <!-- scripts.TechGlobalDropdownsTest -->
