<?xml version="1.0" encoding="UTF-8"?>
<!-- Generated by org.testng.reporters.JUnitReportReporter -->
<testsuite skipped="0" hostname="Anastasiyas-MBP.local.tld" name="scripts.TechGlobalLogoTest" tests="1" failures="0" timestamp="2023-01-22T11:14:53 CST" time="7.875" errors="0">
  <testcase name="validateTechGlobalLogo" time="7.875" classname="scripts.TechGlobalLogoTest"/>
  <system-out/>
</testsuite> <!-- scripts.TechGlobalLogoTest -->
