<?xml version="1.0" encoding="UTF-8"?>
<!-- Generated by org.testng.reporters.JUnitReportReporter -->
<testsuite skipped="0" hostname="Anastasiyas-MacBook-Pro.local" name="scripts.TechGlobalStaticTablesTest" tests="4" failures="0" timestamp="2023-01-30T14:34:06 CST" time="38.692" errors="0">
  <testcase name="validateStaticTables" time="9.627" classname="scripts.TechGlobalStaticTablesTest"/>
  <system-out/>
  <testcase name="validateRow" time="9.573" classname="scripts.TechGlobalStaticTablesTest"/>
  <system-out/>
  <testcase name="validateCountryColumn" time="9.624" classname="scripts.TechGlobalStaticTablesTest"/>
  <system-out/>
  <testcase name="validateAllCells" time="9.868" classname="scripts.TechGlobalStaticTablesTest"/>
  <system-out/>
</testsuite> <!-- scripts.TechGlobalStaticTablesTest -->
